<?xml version="1.0" encoding="UTF-8"?>
<!-- Generated by org.testng.reporters.JUnitReportReporter -->
<testsuite skipped="0" hostname="vamsi-PC" name="NGTest.Execute1" tests="1" failures="0" timestamp="08 Jun 2020 16:23:02 GMT" time="10.740" errors="0">
  <testcase name="fe" time="10.740" classname="NGTest.Execute1"/>
</testsuite> <!-- NGTest.Execute1 -->
